{
  "RSpec": {
    "coverage": {
      "/Users/toke/dev/sixteen-tons/spec/controllers/api/v1/floors_controller_spec.rb": [
        1,
        null,
        1,
        null,
        1,
        1,
        1,
        1,
        null,
        null,
        null,
        1,
        1,
        1,
        0,
        null,
        null,
        null,
        1,
        3,
        3,
        3,
        3,
        null,
        1,
        1,
        7,
        1,
        null,
        null,
        1,
        null,
        0,
        0,
        0,
        0,
        null,
        1,
        null,
        null,
        null,
        1,
        1,
        7,
        1,
        null,
        null,
        null,
        null,
        null
      ],
      "/Users/toke/dev/sixteen-tons/spec/rails_helper.rb": [
        null,
        1,
        1,
        1,
        1,
        null,
        null,
        null,
        null,
        null,
        null,
        null,
        null,
        null,
        null,
        null,
        null,
        null,
        null,
        null,
        null,
        null,
        null,
        null,
        1,
        null,
        1,
        null,
        1,
        null,
        null,
        null,
        null,
        1,
        null,
        null,
        null,
        null,
        null,
        null,
        null,
        null,
        null,
        null,
        null,
        null,
        null,
        null,
        1,
        null
      ],
      "/Users/toke/dev/sixteen-tons/config/environment.rb": [
        null,
        1,
        null,
        null,
        1
      ],
      "/Users/toke/dev/sixteen-tons/config/application.rb": [
        1,
        null,
        1,
        null,
        null,
        null,
        1,
        null,
        1,
        1,
        1,
        null,
        null,
        null,
        null,
        null,
        null,
        null,
        null,
        null,
        null,
        null,
        null,
        null
      ],
      "/Users/toke/dev/sixteen-tons/config/boot.rb": [
        null,
        1,
        null,
        1
      ],
      "/Users/toke/dev/sixteen-tons/config/environments/test.rb": [
        1,
        null,
        null,
        null,
        null,
        null,
        null,
        1,
        null,
        null,
        null,
        null,
        1,
        null,
        null,
        1,
        1,
        null,
        null,
        1,
        1,
        null,
        null,
        1,
        null,
        null,
        1,
        null,
        null,
        null,
        null,
        1,
        null,
        null,
        1,
        null,
        null,
        null,
        null
      ],
      "/Users/toke/dev/sixteen-tons/config/initializers/assets.rb": [
        null,
        null,
        null,
        1,
        null,
        null,
        null,
        null
      ],
      "/Users/toke/dev/sixteen-tons/config/initializers/backtrace_silencers.rb": [
        null,
        null,
        null,
        null,
        null,
        null,
        null
      ],
      "/Users/toke/dev/sixteen-tons/config/initializers/cookies_serializer.rb": [
        null,
        null,
        1
      ],
      "/Users/toke/dev/sixteen-tons/config/initializers/filter_parameter_logging.rb": [
        null,
        null,
        null,
        1
      ],
      "/Users/toke/dev/sixteen-tons/config/initializers/inflections.rb": [
        null,
        null,
        null,
        null,
        null,
        null,
        null,
        null,
        null,
        null,
        null,
        null,
        null,
        null,
        null,
        null
      ],
      "/Users/toke/dev/sixteen-tons/config/initializers/mime_types.rb": [
        null,
        null,
        null,
        null
      ],
      "/Users/toke/dev/sixteen-tons/config/initializers/session_store.rb": [
        null,
        null,
        1
      ],
      "/Users/toke/dev/sixteen-tons/config/initializers/wrap_parameters.rb": [
        null,
        null,
        null,
        null,
        null,
        null,
        1,
        1,
        null,
        null,
        null,
        null,
        null,
        null
      ],
      "/Users/toke/dev/sixteen-tons/config/routes.rb": [
        1,
        null,
        1,
        null,
        1,
        null,
        1,
        1,
        1,
        1,
        null,
        null,
        null
      ],
      "/Users/toke/dev/sixteen-tons/app/helpers/api/v1/floors_helper.rb": [
        1,
        null
      ],
      "/Users/toke/dev/sixteen-tons/app/helpers/api/v1/requests_helper.rb": [
        1,
        null
      ],
      "/Users/toke/dev/sixteen-tons/app/helpers/application_helper.rb": [
        1,
        null
      ],
      "/Users/toke/dev/sixteen-tons/app/helpers/layout_helper.rb": [
        1,
        null,
        1,
        0,
        null,
        null,
        1,
        0,
        null,
        null
      ],
      "/Users/toke/dev/sixteen-tons/app/helpers/site_helper.rb": [
        1,
        null
      ],
      "/Users/toke/dev/sixteen-tons/app/controllers/api/v1/floors_controller.rb": [
        1,
        1,
        null,
        1,
        3,
        3,
        6,
        null,
        null,
        null,
        1,
        0,
        0,
        null,
        0,
        null,
        null,
        1,
        1,
        3,
        18,
        18,
        4,
        null,
        14,
        null,
        null,
        null,
        null
      ],
      "/Users/toke/dev/sixteen-tons/app/controllers/application_controller.rb": [
        1,
        null,
        null,
        1,
        null
      ],
      "/Users/toke/dev/sixteen-tons/spec/controllers/api/v1/requests_controller_spec.rb": [
        1,
        null,
        1,
        1,
        1,
        1,
        1,
        null,
        1,
        null,
        null,
        1,
        1,
        null,
        1,
        null,
        null,
        null,
        1,
        1,
        1,
        null,
        1,
        null,
        null,
        1,
        1,
        null,
        1,
        null,
        null,
        null,
        null
      ],
      "/Users/toke/dev/sixteen-tons/app/controllers/api/v1/requests_controller.rb": [
        1,
        1,
        null,
        1,
        4,
        4,
        2,
        null,
        2,
        null,
        null,
        null
      ],
      "/Users/toke/dev/sixteen-tons/spec/controllers/site_controller_spec.rb": [
        1,
        1,
        null,
        1,
        1,
        1,
        1,
        1,
        null,
        null,
        null,
        1,
        1,
        1,
        1,
        null,
        null,
        null
      ],
      "/Users/toke/dev/sixteen-tons/app/controllers/site_controller.rb": [
        1,
        1,
        null,
        null,
        1,
        null,
        null
      ],
      "/Users/toke/dev/sixteen-tons/spec/helpers/api/v1/floors_helper_spec.rb": [
        1,
        null,
        null,
        null,
        null,
        null,
        null,
        null,
        null,
        null,
        null,
        null,
        1,
        1,
        null
      ],
      "/Users/toke/dev/sixteen-tons/spec/helpers/api/v1/requests_helper_spec.rb": [
        1,
        null,
        null,
        null,
        null,
        null,
        null,
        null,
        null,
        null,
        null,
        null,
        1,
        null
      ],
      "/Users/toke/dev/sixteen-tons/spec/models/request_spec.rb": [
        1,
        null,
        1,
        1,
        1,
        1,
        1,
        1,
        null,
        null,
        1,
        1,
        1,
        null,
        1,
        null,
        null,
        1,
        1,
        1,
        null,
        null,
        1,
        1,
        1,
        null,
        null,
        1,
        1,
        1,
        null,
        null,
        1,
        1,
        1,
        null,
        null,
        null,
        null,
        1,
        2,
        1,
        2,
        null,
        1,
        1,
        null,
        null,
        1,
        1,
        null,
        null,
        null,
        1,
        5,
        5,
        5,
        5,
        null,
        1,
        1,
        1,
        null,
        null,
        1,
        1,
        1,
        null,
        null,
        1,
        1,
        null,
        1,
        null,
        null,
        1,
        1,
        1,
        1,
        3,
        null,
        1,
        null,
        null,
        null,
        null
      ],
      "/Users/toke/dev/sixteen-tons/app/models/request.rb": [
        1,
        1,
        null,
        1,
        null,
        null,
        null,
        25,
        null,
        null,
        null,
        1,
        22,
        null,
        null,
        1,
        3,
        null,
        null
      ],
      "/Users/toke/dev/sixteen-tons/spec/routing/root_routing_spec.rb": [
        1,
        1,
        null,
        1,
        1,
        1,
        null,
        null
      ],
      "/Users/toke/dev/sixteen-tons/spec/views/api/v1/floors/destroy.html.erb_spec.rb": [
        1,
        null,
        1,
        1,
        null
      ],
      "/Users/toke/dev/sixteen-tons/spec/views/api/v1/floors/index.html.erb_spec.rb": [
        1,
        null,
        1,
        1,
        null
      ]
    },
    "timestamp": 1419010745
  }
}
